<?xml version="1.0" encoding="UTF-8"?>
<robot generator="Robot 4.1 (Python 3.8.10 on linux)" generated="20210917 21:01:21.962" rpa="false" schemaversion="2">
<suite id="s1" name="Store Tests" source="/home/andrew/Рабочий стол/Andrei_Che/swagger/Robot_Framework/store_tests.robot">
<kw name="Setup Store Tests" type="SETUP">
<msg timestamp="20210917 21:01:22.108" level="TRACE">Arguments: [  ]</msg>
<kw name="Evaluate" library="BuiltIn">
<var>${order_id}</var>
<arg>random.randint(1,10)</arg>
<arg>random</arg>
<doc>Evaluates the given expression in Python and returns the result.</doc>
<msg timestamp="20210917 21:01:22.108" level="TRACE">Arguments: [ 'random.randint(1,10)' | 'random' ]</msg>
<msg timestamp="20210917 21:01:22.108" level="TRACE">Return: 2</msg>
<msg timestamp="20210917 21:01:22.109" level="INFO">${order_id} = 2</msg>
<status status="PASS" starttime="20210917 21:01:22.108" endtime="20210917 21:01:22.109"/>
</kw>
<kw name="Set Suite Variable" library="BuiltIn">
<arg>${order_id}</arg>
<arg>${order_id}</arg>
<doc>Makes a variable available everywhere within the scope of the current suite.</doc>
<msg timestamp="20210917 21:01:22.109" level="TRACE">Arguments: [ '${order_id}' | '${order_id}' ]</msg>
<msg timestamp="20210917 21:01:22.110" level="INFO">${order_id} = 2</msg>
<msg timestamp="20210917 21:01:22.110" level="TRACE">Return: None</msg>
<status status="PASS" starttime="20210917 21:01:22.109" endtime="20210917 21:01:22.110"/>
</kw>
<kw name="Evaluate" library="BuiltIn">
<var>${data_order}</var>
<arg>{"id": ${order_id}, "petId": 0, "quantity": 0, "shipDate": "2021-09-10T12:12:18.589Z", "status": "placed", "complete": True}</arg>
<doc>Evaluates the given expression in Python and returns the result.</doc>
<msg timestamp="20210917 21:01:22.110" level="TRACE">Arguments: [ '{"id": 2, "petId": 0, "quantity": 0, "shipDate": "2021-09-10T12:12:18.589Z", "status": "placed", "complete": True}' ]</msg>
<msg timestamp="20210917 21:01:22.110" level="TRACE">Return: {'complete': True,
 'id': 2,
 'petId': 0,
 'quantity': 0,
 'shipDate': '2021-09-10T12:12:18.589Z',
 'status': 'placed'}</msg>
<msg timestamp="20210917 21:01:22.111" level="INFO">${data_order} = {'id': 2, 'petId': 0, 'quantity': 0, 'shipDate': '2021-09-10T12:12:18.589Z', 'status': 'placed', 'complete': True}</msg>
<status status="PASS" starttime="20210917 21:01:22.110" endtime="20210917 21:01:22.111"/>
</kw>
<kw name="Set Suite Variable" library="BuiltIn">
<arg>${data_order}</arg>
<arg>${data_order}</arg>
<doc>Makes a variable available everywhere within the scope of the current suite.</doc>
<msg timestamp="20210917 21:01:22.111" level="TRACE">Arguments: [ '${data_order}' | '${data_order}' ]</msg>
<msg timestamp="20210917 21:01:22.112" level="INFO">${data_order} = {'id': 2, 'petId': 0, 'quantity': 0, 'shipDate': '2021-09-10T12:12:18.589Z', 'status': 'placed', 'complete': True}</msg>
<msg timestamp="20210917 21:01:22.112" level="TRACE">Return: None</msg>
<status status="PASS" starttime="20210917 21:01:22.111" endtime="20210917 21:01:22.112"/>
</kw>
<msg timestamp="20210917 21:01:22.112" level="TRACE">Return: None</msg>
<status status="PASS" starttime="20210917 21:01:22.108" endtime="20210917 21:01:22.112"/>
</kw>
<test id="s1-t1" name="Swagger store inventory Test">
<kw name="GET" library="RequestsLibrary">
<var>${response}</var>
<arg>https://petstore.swagger.io/v2/store/inventory</arg>
<doc>Sends a GET request.</doc>
<msg timestamp="20210917 21:01:22.113" level="TRACE">Arguments: [ 'https://petstore.swagger.io/v2/store/inventory' ]</msg>
<msg timestamp="20210917 21:01:22.115" level="DEBUG">Starting new HTTPS connection (1): petstore.swagger.io:443</msg>
<msg timestamp="20210917 21:01:28.381" level="DEBUG">https://petstore.swagger.io:443 "GET /v2/store/inventory HTTP/1.1" 200 None</msg>
<msg timestamp="20210917 21:01:28.385" level="INFO">GET Request : url=https://petstore.swagger.io/v2/store/inventory 
 path_url=/v2/store/inventory 
 headers={'User-Agent': 'python-requests/2.22.0', 'Accept-Encoding': 'gzip, deflate', 'Accept': '*/*', 'Connection': 'keep-alive'} 
 body=None 
 </msg>
<msg timestamp="20210917 21:01:28.385" level="INFO">GET Response : url=https://petstore.swagger.io/v2/store/inventory 
 status=200, reason=OK 
 headers={'Date': 'Fri, 17 Sep 2021 18:01:28 GMT', 'Content-Type': 'application/json', 'Transfer-Encoding': 'chunked', 'Connection': 'keep-alive', 'Access-Control-Allow-Origin': '*', 'Access-Control-Allow-Methods': 'GET, POST, DELETE, PUT', 'Access-Control-Allow-Headers': 'Content-Type, api_key, Authorization', 'Server': 'Jetty(9.2.9.v20150224)'} 
 body={"sold":42,"Kreupel":1,"string":205,"available":679,"Onbekend-4":1,"Kreupel-2":1,"Kreupel-3":1,"Kreupel-4":1,"Active":1,"Gestorven-4":1,"Onbekend":1,"Verkocht-3":1,"Gestorven-2":1,"Verkocht-4":1,"ok":6,"OK":1,"status":1} 
 </msg>
<msg timestamp="20210917 21:01:28.386" level="TRACE">Return: &lt;Response [200]&gt;</msg>
<msg timestamp="20210917 21:01:28.386" level="INFO">${response} = &lt;Response [200]&gt;</msg>
<status status="PASS" starttime="20210917 21:01:22.113" endtime="20210917 21:01:28.386"/>
</kw>
<kw name="Status Should Be" library="RequestsLibrary">
<arg>OK</arg>
<arg>${response}</arg>
<doc>Fails if response status code is different than the expected.</doc>
<msg timestamp="20210917 21:01:28.387" level="TRACE">Arguments: [ 'OK' | &lt;Response [200]&gt; ]</msg>
<msg timestamp="20210917 21:01:28.387" level="TRACE">Return: None</msg>
<status status="PASS" starttime="20210917 21:01:28.387" endtime="20210917 21:01:28.388"/>
</kw>
<status status="PASS" starttime="20210917 21:01:22.112" endtime="20210917 21:01:28.388"/>
</test>
<test id="s1-t2" name="Swagger store oder Test">
<kw name="POST" library="RequestsLibrary">
<var>${response}</var>
<arg>https://petstore.swagger.io/v2/store/order</arg>
<arg>json=${data_order}</arg>
<arg>headers=&amp;{headers}</arg>
<doc>Sends a POST request.</doc>
<msg timestamp="20210917 21:01:28.393" level="TRACE">Arguments: [ 'https://petstore.swagger.io/v2/store/order' | json={'complete': True,
 'id': 2,
 'petId': 0,
 'quantity': 0,
 'shipDate': '2021-09-10T12:12:18.589Z',
 'status': 'placed'} | headers={'Content-Type': 'application/json'} ]</msg>
<msg timestamp="20210917 21:01:28.398" level="DEBUG">Starting new HTTPS connection (1): petstore.swagger.io:443</msg>
<msg timestamp="20210917 21:01:32.390" level="DEBUG">https://petstore.swagger.io:443 "POST /v2/store/order HTTP/1.1" 200 None</msg>
<msg timestamp="20210917 21:01:32.394" level="INFO">POST Request : url=https://petstore.swagger.io/v2/store/order 
 path_url=/v2/store/order 
 headers={'User-Agent': 'python-requests/2.22.0', 'Accept-Encoding': 'gzip, deflate', 'Accept': '*/*', 'Connection': 'keep-alive', 'Content-Type': 'application/json', 'Content-Length': '114'} 
 body=b'{"id": 2, "petId": 0, "quantity": 0, "shipDate": "2021-09-10T12:12:18.589Z", "status": "placed", "complete": true}' 
 </msg>
<msg timestamp="20210917 21:01:32.394" level="INFO">POST Response : url=https://petstore.swagger.io/v2/store/order 
 status=200, reason=OK 
 headers={'Date': 'Fri, 17 Sep 2021 18:01:32 GMT', 'Content-Type': 'application/json', 'Transfer-Encoding': 'chunked', 'Connection': 'keep-alive', 'Access-Control-Allow-Origin': '*', 'Access-Control-Allow-Methods': 'GET, POST, DELETE, PUT', 'Access-Control-Allow-Headers': 'Content-Type, api_key, Authorization', 'Server': 'Jetty(9.2.9.v20150224)'} 
 body={"id":2,"petId":0,"quantity":0,"shipDate":"2021-09-10T12:12:18.589+0000","status":"placed","complete":true} 
 </msg>
<msg timestamp="20210917 21:01:32.394" level="TRACE">Return: &lt;Response [200]&gt;</msg>
<msg timestamp="20210917 21:01:32.395" level="INFO">${response} = &lt;Response [200]&gt;</msg>
<status status="PASS" starttime="20210917 21:01:28.391" endtime="20210917 21:01:32.395"/>
</kw>
<kw name="Status Should Be" library="RequestsLibrary">
<arg>OK</arg>
<arg>${response}</arg>
<doc>Fails if response status code is different than the expected.</doc>
<msg timestamp="20210917 21:01:32.397" level="TRACE">Arguments: [ 'OK' | &lt;Response [200]&gt; ]</msg>
<msg timestamp="20210917 21:01:32.397" level="TRACE">Return: None</msg>
<status status="PASS" starttime="20210917 21:01:32.397" endtime="20210917 21:01:32.397"/>
</kw>
<status status="PASS" starttime="20210917 21:01:28.389" endtime="20210917 21:01:32.398"/>
</test>
<test id="s1-t3" name="Swagger store oder id Test">
<kw name="GET" library="RequestsLibrary">
<var>${response}</var>
<arg>https://petstore.swagger.io/v2/store/order/${order_id}</arg>
<arg>json=${data_order}</arg>
<doc>Sends a GET request.</doc>
<msg timestamp="20210917 21:01:32.401" level="TRACE">Arguments: [ 'https://petstore.swagger.io/v2/store/order/2' | json={'complete': True,
 'id': 2,
 'petId': 0,
 'quantity': 0,
 'shipDate': '2021-09-10T12:12:18.589Z',
 'status': 'placed'} ]</msg>
<msg timestamp="20210917 21:01:32.404" level="DEBUG">Starting new HTTPS connection (1): petstore.swagger.io:443</msg>
<msg timestamp="20210917 21:01:34.123" level="DEBUG">https://petstore.swagger.io:443 "GET /v2/store/order/2 HTTP/1.1" 200 None</msg>
<msg timestamp="20210917 21:01:34.126" level="INFO">GET Request : url=https://petstore.swagger.io/v2/store/order/2 
 path_url=/v2/store/order/2 
 headers={'User-Agent': 'python-requests/2.22.0', 'Accept-Encoding': 'gzip, deflate', 'Accept': '*/*', 'Connection': 'keep-alive', 'Content-Length': '114', 'Content-Type': 'application/json'} 
 body=b'{"id": 2, "petId": 0, "quantity": 0, "shipDate": "2021-09-10T12:12:18.589Z", "status": "placed", "complete": true}' 
 </msg>
<msg timestamp="20210917 21:01:34.126" level="INFO">GET Response : url=https://petstore.swagger.io/v2/store/order/2 
 status=200, reason=OK 
 headers={'Date': 'Fri, 17 Sep 2021 18:01:33 GMT', 'Content-Type': 'application/json', 'Transfer-Encoding': 'chunked', 'Connection': 'close', 'Access-Control-Allow-Origin': '*', 'Access-Control-Allow-Methods': 'GET, POST, DELETE, PUT', 'Access-Control-Allow-Headers': 'Content-Type, api_key, Authorization', 'Server': 'Jetty(9.2.9.v20150224)'} 
 body={"id":2,"petId":0,"quantity":0,"shipDate":"2021-09-10T12:12:18.589+0000","status":"placed","complete":true} 
 </msg>
<msg timestamp="20210917 21:01:34.126" level="TRACE">Return: &lt;Response [200]&gt;</msg>
<msg timestamp="20210917 21:01:34.126" level="INFO">${response} = &lt;Response [200]&gt;</msg>
<status status="PASS" starttime="20210917 21:01:32.400" endtime="20210917 21:01:34.126"/>
</kw>
<kw name="Status Should Be" library="RequestsLibrary">
<arg>OK</arg>
<arg>${response}</arg>
<doc>Fails if response status code is different than the expected.</doc>
<msg timestamp="20210917 21:01:34.129" level="TRACE">Arguments: [ 'OK' | &lt;Response [200]&gt; ]</msg>
<msg timestamp="20210917 21:01:34.129" level="TRACE">Return: None</msg>
<status status="PASS" starttime="20210917 21:01:34.127" endtime="20210917 21:01:34.129"/>
</kw>
<kw name="Log To Console" library="BuiltIn">
<arg>https://petstore.swagger.io/v2/store/order/${order_id}</arg>
<doc>Logs the given message to the console.</doc>
<msg timestamp="20210917 21:01:34.130" level="TRACE">Arguments: [ 'https://petstore.swagger.io/v2/store/order/2' ]</msg>
<msg timestamp="20210917 21:01:34.130" level="TRACE">Return: None</msg>
<status status="PASS" starttime="20210917 21:01:34.130" endtime="20210917 21:01:34.130"/>
</kw>
<status status="PASS" starttime="20210917 21:01:32.399" endtime="20210917 21:01:34.131"/>
</test>
<test id="s1-t4" name="Swagger store oder delete Test">
<kw name="DELETE" library="RequestsLibrary">
<var>${response}</var>
<arg>https://petstore.swagger.io/v2/store/order/${order_id}</arg>
<arg>json=${data_order}</arg>
<doc>Sends a DELETE request.</doc>
<msg timestamp="20210917 21:01:34.134" level="TRACE">Arguments: [ 'https://petstore.swagger.io/v2/store/order/2' | json={'complete': True,
 'id': 2,
 'petId': 0,
 'quantity': 0,
 'shipDate': '2021-09-10T12:12:18.589Z',
 'status': 'placed'} ]</msg>
<msg timestamp="20210917 21:01:34.137" level="DEBUG">Starting new HTTPS connection (1): petstore.swagger.io:443</msg>
<msg timestamp="20210917 21:01:45.514" level="DEBUG">https://petstore.swagger.io:443 "DELETE /v2/store/order/2 HTTP/1.1" 404 None</msg>
<msg timestamp="20210917 21:01:45.517" level="INFO">DELETE Request : url=https://petstore.swagger.io/v2/store/order/2 
 path_url=/v2/store/order/2 
 headers={'User-Agent': 'python-requests/2.22.0', 'Accept-Encoding': 'gzip, deflate', 'Accept': '*/*', 'Connection': 'keep-alive', 'Content-Length': '114', 'Content-Type': 'application/json'} 
 body=b'{"id": 2, "petId": 0, "quantity": 0, "shipDate": "2021-09-10T12:12:18.589Z", "status": "placed", "complete": true}' 
 </msg>
<msg timestamp="20210917 21:01:45.517" level="INFO">DELETE Response : url=https://petstore.swagger.io/v2/store/order/2 
 status=404, reason=Not Found 
 headers={'Date': 'Fri, 17 Sep 2021 18:01:45 GMT', 'Content-Type': 'application/json', 'Transfer-Encoding': 'chunked', 'Connection': 'keep-alive', 'Access-Control-Allow-Origin': '*', 'Access-Control-Allow-Methods': 'GET, POST, DELETE, PUT', 'Access-Control-Allow-Headers': 'Content-Type, api_key, Authorization', 'Server': 'Jetty(9.2.9.v20150224)'} 
 body={"code":404,"type":"unknown","message":"Order Not Found"} 
 </msg>
<msg timestamp="20210917 21:01:45.522" level="FAIL">HTTPError: 404 Client Error: Not Found for url: https://petstore.swagger.io/v2/store/order/2</msg>
<msg timestamp="20210917 21:01:45.522" level="DEBUG">Traceback (most recent call last):
  File "/home/andrew/.local/lib/python3.8/site-packages/RequestsLibrary/RequestsKeywords.py", line 315, in session_less_delete
    self._check_status(expected_status, response, msg)
  File "/home/andrew/.local/lib/python3.8/site-packages/RequestsLibrary/SessionKeywords.py", line 565, in _check_status
    resp.raise_for_status()
  File "/usr/lib/python3/dist-packages/requests/models.py", line 940, in raise_for_status
    raise HTTPError(http_error_msg, response=self)</msg>
<status status="FAIL" starttime="20210917 21:01:34.133" endtime="20210917 21:01:45.522"/>
</kw>
<kw name="Status Should Be" library="RequestsLibrary">
<arg>OK</arg>
<arg>${response}</arg>
<doc>Fails if response status code is different than the expected.</doc>
<status status="NOT RUN" starttime="20210917 21:01:45.523" endtime="20210917 21:01:45.523"/>
</kw>
<kw name="Log To Console" library="BuiltIn">
<arg>https://petstore.swagger.io/v2/store/order/${order_id}</arg>
<doc>Logs the given message to the console.</doc>
<status status="NOT RUN" starttime="20210917 21:01:45.524" endtime="20210917 21:01:45.524"/>
</kw>
<status status="FAIL" starttime="20210917 21:01:34.132" endtime="20210917 21:01:45.525">HTTPError: 404 Client Error: Not Found for url: https://petstore.swagger.io/v2/store/order/2</status>
</test>
<doc>Example using the space separated format.
Checking the information provided in the
Robot Framework documentation.</doc>
<status status="FAIL" starttime="20210917 21:01:21.964" endtime="20210917 21:01:45.529"/>
</suite>
<statistics>
<total>
<stat pass="3" fail="1" skip="0">All Tests</stat>
</total>
<tag>
</tag>
<suite>
<stat pass="3" fail="1" skip="0" id="s1" name="Store Tests">Store Tests</stat>
</suite>
</statistics>
<errors>
</errors>
</robot>
